<?xml version="1.0" encoding="UTF-8"?>
<testsuite name="com.jumarket.service.CartServiceTest" tests="1" skipped="0" failures="0" errors="0" timestamp="2023-08-01T02:36:18" hostname="johnatan" time="7.835">
  <properties/>
  <testcase name="testCreate()" classname="com.jumarket.service.CartServiceTest" time="7.835"/>
  <system-out><![CDATA[]]></system-out>
  <system-err><![CDATA[]]></system-err>
</testsuite>
