<?xml version="1.0" encoding="UTF-8"?>
<testsuite name="com.jumarket.JumarketApplicationTests" tests="1" skipped="0" failures="0" errors="0" timestamp="2023-07-30T00:00:52" hostname="johnatan" time="0.673">
  <properties/>
  <testcase name="contextLoads()" classname="com.jumarket.JumarketApplicationTests" time="0.673"/>
  <system-out><![CDATA[21:00:45.385 [Test worker] INFO org.springframework.test.context.support.AnnotationConfigContextLoaderUtils -- Could not detect default configuration classes for test class [com.jumarket.JumarketApplicationTests]: JumarketApplicationTests does not declare any static, non-private, non-final, nested classes annotated with @Configuration.
21:00:45.514 [Test worker] INFO org.springframework.boot.test.context.SpringBootTestContextBootstrapper -- Found @SpringBootConfiguration com.jumarket.JumarketApplication for test class com.jumarket.JumarketApplicationTests

  .   ____          _            __ _ _
 /\\ / ___'_ __ _ _(_)_ __  __ _ \ \ \ \
( ( )\___ | '_ | '_| | '_ \/ _` | \ \ \ \
 \\/  ___)| |_)| | | | | || (_| |  ) ) ) )
  '  |____| .__|_| |_|_| |_\__, | / / / /
 =========|_|==============|___/=/_/_/_/
 :: Spring Boot ::                (v3.1.1)

2023-07-29T21:00:46.025-03:00  INFO 29523 --- [    Test worker] com.jumarket.JumarketApplicationTests    : Starting JumarketApplicationTests using Java 19.0.1 with PID 29523 (started by johnatan in /home/johnatan/Desktop/isabella/jumarket)
2023-07-29T21:00:46.027-03:00  INFO 29523 --- [    Test worker] com.jumarket.JumarketApplicationTests    : No active profile set, falling back to 1 default profile: "default"
2023-07-29T21:00:47.489-03:00  INFO 29523 --- [    Test worker] .s.d.r.c.RepositoryConfigurationDelegate : Bootstrapping Spring Data JPA repositories in DEFAULT mode.
2023-07-29T21:00:47.572-03:00  INFO 29523 --- [    Test worker] .s.d.r.c.RepositoryConfigurationDelegate : Finished Spring Data repository scanning in 73 ms. Found 5 JPA repository interfaces.
2023-07-29T21:00:48.240-03:00  INFO 29523 --- [    Test worker] o.f.c.internal.license.VersionPrinter    : Flyway Community Edition 9.16.3 by Redgate
2023-07-29T21:00:48.240-03:00  INFO 29523 --- [    Test worker] o.f.c.internal.license.VersionPrinter    : See release notes here: https://rd.gt/416ObMi
2023-07-29T21:00:48.241-03:00  INFO 29523 --- [    Test worker] o.f.c.internal.license.VersionPrinter    : 
2023-07-29T21:00:48.252-03:00  INFO 29523 --- [    Test worker] o.f.c.i.resource.ResourceNameValidator   : 5 SQL migrations were detected but not run because they did not follow the filename convention.
2023-07-29T21:00:48.252-03:00  INFO 29523 --- [    Test worker] o.f.c.i.resource.ResourceNameValidator   : If this is in error, set 'validateMigrationNaming' to true to fail fast and see a list of the invalid file names.
2023-07-29T21:00:48.508-03:00  INFO 29523 --- [    Test worker] o.f.c.i.database.base.BaseDatabaseType   : Database: jdbc:postgresql://localhost:5432/jumarket (PostgreSQL 15.0)
2023-07-29T21:00:48.557-03:00  INFO 29523 --- [    Test worker] o.f.core.internal.command.DbValidate     : Successfully validated 0 migrations (execution time 00:00.015s)
2023-07-29T21:00:48.557-03:00  WARN 29523 --- [    Test worker] o.f.core.internal.command.DbValidate     : No migrations found. Are your locations set up correctly?
2023-07-29T21:00:48.626-03:00  INFO 29523 --- [    Test worker] o.f.core.internal.command.DbMigrate      : Current version of schema "public": << Empty Schema >>
2023-07-29T21:00:48.628-03:00  INFO 29523 --- [    Test worker] o.f.core.internal.command.DbMigrate      : Schema "public" is up to date. No migration necessary.
2023-07-29T21:00:48.732-03:00  INFO 29523 --- [    Test worker] o.hibernate.jpa.internal.util.LogHelper  : HHH000204: Processing PersistenceUnitInfo [name: default]
2023-07-29T21:00:48.808-03:00  INFO 29523 --- [    Test worker] org.hibernate.Version                    : HHH000412: Hibernate ORM core version 6.2.5.Final
2023-07-29T21:00:48.811-03:00  INFO 29523 --- [    Test worker] org.hibernate.cfg.Environment            : HHH000406: Using bytecode reflection optimizer
2023-07-29T21:00:48.987-03:00  INFO 29523 --- [    Test worker] o.h.b.i.BytecodeProviderInitiator        : HHH000021: Bytecode provider name : bytebuddy
2023-07-29T21:00:49.157-03:00  INFO 29523 --- [    Test worker] o.s.o.j.p.SpringPersistenceUnitInfo      : No LoadTimeWeaver setup: ignoring JPA class transformer
2023-07-29T21:00:49.177-03:00  INFO 29523 --- [    Test worker] com.zaxxer.hikari.HikariDataSource       : HikariPool-1 - Starting...
2023-07-29T21:00:49.219-03:00  INFO 29523 --- [    Test worker] com.zaxxer.hikari.pool.HikariPool        : HikariPool-1 - Added connection org.postgresql.jdbc.PgConnection@2af9a5ef
2023-07-29T21:00:49.222-03:00  INFO 29523 --- [    Test worker] com.zaxxer.hikari.HikariDataSource       : HikariPool-1 - Start completed.
2023-07-29T21:00:49.557-03:00  INFO 29523 --- [    Test worker] o.h.b.i.BytecodeProviderInitiator        : HHH000021: Bytecode provider name : bytebuddy
2023-07-29T21:00:50.381-03:00  INFO 29523 --- [    Test worker] o.h.e.t.j.p.i.JtaPlatformInitiator       : HHH000490: Using JtaPlatform implementation: [org.hibernate.engine.transaction.jta.platform.internal.NoJtaPlatform]
Hibernate: alter table if exists payment alter column amount set data type float(53)
Hibernate: alter table if exists product alter column unit_price set data type float(53)
2023-07-29T21:00:50.485-03:00  INFO 29523 --- [    Test worker] j.LocalContainerEntityManagerFactoryBean : Initialized JPA EntityManagerFactory for persistence unit 'default'
2023-07-29T21:00:51.166-03:00  INFO 29523 --- [    Test worker] o.s.d.j.r.query.QueryEnhancerFactory     : Hibernate is in classpath; If applicable, HQL parser will be used.
2023-07-29T21:00:52.116-03:00  WARN 29523 --- [    Test worker] JpaBaseConfiguration$JpaWebConfiguration : spring.jpa.open-in-view is enabled by default. Therefore, database queries may be performed during view rendering. Explicitly configure spring.jpa.open-in-view to disable this warning
2023-07-29T21:00:52.636-03:00  INFO 29523 --- [    Test worker] com.jumarket.JumarketApplicationTests    : Started JumarketApplicationTests in 6.931 seconds (process running for 8.638)
]]></system-out>
  <system-err><![CDATA[]]></system-err>
</testsuite>
